\BOOKMARK [1][-]{section*.1}{\376\377\000G\000r\000a\000f\000i\000s\000k\000\040\000a\000b\000s\000t\000r\000a\000k\000t}{}% 1
\BOOKMARK [1][-]{section.1}{\376\377\000I\000n\000t\000r\000o\000d\000u\000k\000s\000j\000o\000n}{}% 2
\BOOKMARK [2][-]{subsection.1.1}{\376\377\000B\000a\000k\000g\000r\000u\000n\000n}{section.1}% 3
\BOOKMARK [2][-]{subsection.1.2}{\376\377\000P\000a\000s\000i\000e\000n\000t\000-\000l\000i\000k\000h\000e\000t\000s\000n\000e\000t\000t\000v\000e\000r\000k}{section.1}% 4
\BOOKMARK [2][-]{subsection.1.3}{\376\377\000M\000\345\000l}{section.1}% 5
\BOOKMARK [1][-]{section.2}{\376\377\000M\000e\000t\000o\000d\000e}{}% 6
\BOOKMARK [2][-]{subsection.2.1}{\376\377\000S\000t\000u\000d\000i\000e\000p\000o\000p\000u\000l\000a\000s\000j\000o\000n\000\040\000o\000g\000\040\000d\000a\000t\000a}{section.2}% 7
\BOOKMARK [2][-]{subsection.2.2}{\376\377\000D\000a\000t\000a\000f\000o\000r\000b\000e\000h\000a\000n\000d\000l\000i\000n\000g}{section.2}% 8
\BOOKMARK [2][-]{subsection.2.3}{\376\377\000N\000e\000t\000t\000v\000e\000r\000k\000s\000k\000o\000n\000s\000t\000r\000u\000k\000s\000j\000o\000n}{section.2}% 9
\BOOKMARK [2][-]{subsection.2.4}{\376\377\000A\000n\000a\000l\000y\000s\000e\000m\000e\000t\000o\000d\000e\000r}{section.2}% 10
\BOOKMARK [3][-]{subsubsection.2.4.1}{\376\377\000C\000o\000m\000m\000u\000n\000i\000t\000y\000\040\000d\000e\000t\000e\000c\000t\000i\000o\000n}{subsection.2.4}% 11
\BOOKMARK [3][-]{subsubsection.2.4.2}{\376\377\000S\000e\000n\000t\000r\000a\000l\000i\000t\000e\000t\000s\000a\000n\000a\000l\000y\000s\000e\000r}{subsection.2.4}% 12
\BOOKMARK [3][-]{subsubsection.2.4.3}{\376\377\000S\000u\000b\000n\000e\000t\000t\000v\000e\000r\000k\000-\000a\000n\000a\000l\000y\000s\000e}{subsection.2.4}% 13
\BOOKMARK [3][-]{subsubsection.2.4.4}{\376\377\000F\000e\000a\000t\000u\000r\000e\000\040\000i\000m\000p\000o\000r\000t\000a\000n\000c\000e}{subsection.2.4}% 14
\BOOKMARK [3][-]{subsubsection.2.4.5}{\376\377\000K\000l\000i\000n\000i\000s\000k\000\040\000k\000o\000r\000r\000e\000l\000a\000s\000j\000o\000n}{subsection.2.4}% 15
\BOOKMARK [1][-]{section.3}{\376\377\000R\000e\000s\000u\000l\000t\000a\000t\000e\000r}{}% 16
\BOOKMARK [2][-]{subsection.3.1}{\376\377\000N\000e\000t\000t\000v\000e\000r\000k\000s\000s\000t\000r\000u\000k\000t\000u\000r}{section.3}% 17
\BOOKMARK [2][-]{subsection.3.2}{\376\377\000C\000o\000m\000m\000u\000n\000i\000t\000y\000\040\000d\000e\000t\000e\000c\000t\000i\000o\000n}{section.3}% 18
\BOOKMARK [2][-]{subsection.3.3}{\376\377\000S\000e\000n\000t\000r\000a\000l\000i\000t\000e\000t\000s\000a\000n\000a\000l\000y\000s\000e\000r}{section.3}% 19
\BOOKMARK [2][-]{subsection.3.4}{\376\377\000I\000B\000S\000\040\000v\000s\000\040\000H\000C\000\040\000s\000u\000b\000n\000e\000t\000t\000v\000e\000r\000k}{section.3}% 20
\BOOKMARK [2][-]{subsection.3.5}{\376\377\000F\000e\000a\000t\000u\000r\000e\000\040\000i\000m\000p\000o\000r\000t\000a\000n\000c\000e}{section.3}% 21
\BOOKMARK [2][-]{subsection.3.6}{\376\377\000K\000o\000r\000r\000e\000l\000a\000s\000j\000o\000n\000\040\000m\000e\000d\000\040\000s\000y\000m\000p\000t\000o\000m\000g\000r\000a\000d}{section.3}% 22
\BOOKMARK [2][-]{subsection.3.7}{\376\377\000G\000r\000a\000f\000i\000s\000k\000\040\000o\000p\000p\000s\000u\000m\000m\000e\000r\000i\000n\000g}{section.3}% 23
\BOOKMARK [1][-]{section.4}{\376\377\000D\000i\000s\000k\000u\000s\000j\000o\000n}{}% 24
\BOOKMARK [2][-]{subsection.4.1}{\376\377\000H\000o\000v\000e\000d\000f\000u\000n\000n}{section.4}% 25
\BOOKMARK [2][-]{subsection.4.2}{\376\377\000S\000a\000m\000m\000e\000n\000h\000e\000n\000g\000\040\000m\000e\000d\000\040\000t\000i\000d\000l\000i\000g\000e\000r\000e\000\040\000f\000o\000r\000s\000k\000n\000i\000n\000g}{section.4}% 26
\BOOKMARK [2][-]{subsection.4.3}{\376\377\000S\000t\000y\000r\000k\000e\000r\000\040\000o\000g\000\040\000b\000e\000g\000r\000e\000n\000s\000n\000i\000n\000g\000e\000r}{section.4}% 27
\BOOKMARK [2][-]{subsection.4.4}{\376\377\000F\000r\000e\000m\000t\000i\000d\000s\000p\000e\000r\000s\000p\000e\000k\000t\000i\000v\000e\000r}{section.4}% 28
\BOOKMARK [1][-]{section.5}{\376\377\000K\000o\000n\000k\000l\000u\000s\000j\000o\000n}{}% 29
